<?xml version="1.0" encoding="UTF-8"?>
<!-- Generated by org.testng.reporters.JUnitXMLReporter -->
<testsuite hostname="sys" name="On Chrome" tests="4" failures="0" timestamp="30 Dec 2015 13:40:21 GMT" time="55.085" errors="0">
  <testcase name="loginTest" time="34.887" classname="com.orangehrm.testsuite.Login"/>
  <testcase name="addEmployeeTest" time="0.592" classname="com.orangehrm.testsuite.AddEmployee">
    <skipped/>
  </testcase> <!-- addEmployeeTest -->
  <testcase name="takeScreenshot" time="0.2" classname="com.orangehrm.testsuite.TakingScreenshot">
    <skipped/>
  </testcase> <!-- takeScreenshot -->
  <testcase name="logoutTest" time="19.317" classname="com.orangehrm.testsuite.Logout"/>
</testsuite> <!-- On Chrome -->
